To create_enclave with payload: /prog/enclave/darknet/darknet
enclave created: eid = 1
filename len = 18
host get filename: /cfg/darknet53.cfg
filename len = 18
filename: /cfg/darknet53.cfg
filename len = 18
host get filename: /darknet53.weights
filename len = 18
filename: /darknet53.weights
filename len = 20
host get filename: /cfg/imagenet1k.data
filename len = 20
filename: /cfg/imagenet1k.data
filename len = 29
host get filename: data/imagenet.shortnames.list
filename len = 29
filename: data/imagenet.shortnames.list
filename len = 13
host get filename: /data/dog.jpg
filename len = 13
filename: /data/dog.jpg
[E1T0]msg: 1334626
Enclave 1 thread 0 exited, interrupt count: 0
